2014-08-23 19:09:35 Error: Fatal Error (1): Maximum execution time of 30 seconds exceeded in [E:\baidudoc\code\studyWeb\cakephp\lib\Cake\Model\Datasource\CakeSession.php, line 663]
2014-08-23 19:09:35 Error: [FatalErrorException] Maximum execution time of 30 seconds exceeded
Request URL: /
Stack Trace:
#0 E:\baidudoc\code\studyWeb\cakephp\lib\Cake\Error\ErrorHandler.php(203): ErrorHandler::handleFatalError(1, 'Maximum executi...', 'E:\\baidudoc\\cod...', 663)
#1 [internal function]: ErrorHandler::handleError(1, 'Maximum executi...', 'E:\\baidudoc\\cod...', 663, Array)
#2 E:\baidudoc\code\studyWeb\cakephp\lib\Cake\Core\App.php(931): call_user_func('ErrorHandler::h...', 1, 'Maximum executi...', 'E:\\baidudoc\\cod...', 663, Array)
#3 E:\baidudoc\code\studyWeb\cakephp\lib\Cake\Core\App.php(904): App::_checkFatalError()
#4 [internal function]: App::shutdown()
#5 {main}
2014-08-23 19:09:35 Error: [MissingControllerException] Controller class CssController could not be found.
Exception Attributes: array (
  'class' => 'CssController',
  'plugin' => NULL,
)
Request URL: /css/boot%20strap-responsive.css
Stack Trace:
#0 E:\baidudoc\code\studyWeb\cakephp\app\webroot\index.php(102): Dispatcher->dispatch(Object(CakeRequest), Object(CakeResponse))
#1 {main}
2014-08-23 19:09:45 Error: [MissingControllerException] Controller class CssController could not be found.
Exception Attributes: array (
  'class' => 'CssController',
  'plugin' => NULL,
)
Request URL: /css/boot%20strap-responsive.css
Stack Trace:
#0 E:\baidudoc\code\studyWeb\cakephp\app\webroot\index.php(102): Dispatcher->dispatch(Object(CakeRequest), Object(CakeResponse))
#1 {main}
2014-08-23 19:09:56 Error: [MissingControllerException] Controller class CssController could not be found.
Exception Attributes: array (
  'class' => 'CssController',
  'plugin' => NULL,
)
Request URL: /css/boot%20strap-responsive.css
Stack Trace:
#0 E:\baidudoc\code\studyWeb\cakephp\app\webroot\index.php(102): Dispatcher->dispatch(Object(CakeRequest), Object(CakeResponse))
#1 {main}
2014-08-23 19:10:14 Error: [MissingControllerException] Controller class CssController could not be found.
Exception Attributes: array (
  'class' => 'CssController',
  'plugin' => NULL,
)
Request URL: /css/boot%20strap-responsive.css
Stack Trace:
#0 E:\baidudoc\code\studyWeb\cakephp\app\webroot\index.php(102): Dispatcher->dispatch(Object(CakeRequest), Object(CakeResponse))
#1 {main}
2014-08-23 19:10:25 Error: [MissingControllerException] Controller class CssController could not be found.
Exception Attributes: array (
  'class' => 'CssController',
  'plugin' => NULL,
)
Request URL: /css/boot%20strap-responsive.css
Stack Trace:
#0 E:\baidudoc\code\studyWeb\cakephp\app\webroot\index.php(102): Dispatcher->dispatch(Object(CakeRequest), Object(CakeResponse))
#1 {main}
2014-08-23 19:10:29 Error: [MissingControllerException] Controller class CssController could not be found.
Exception Attributes: array (
  'class' => 'CssController',
  'plugin' => NULL,
)
Request URL: /css/boot%20strap-responsive.css
Stack Trace:
#0 E:\baidudoc\code\studyWeb\cakephp\app\webroot\index.php(102): Dispatcher->dispatch(Object(CakeRequest), Object(CakeResponse))
#1 {main}
2014-08-23 19:10:47 Error: [MissingControllerException] Controller class CssController could not be found.
Exception Attributes: array (
  'class' => 'CssController',
  'plugin' => NULL,
)
Request URL: /css/boot%20strap-responsive.css
Stack Trace:
#0 E:\baidudoc\code\studyWeb\cakephp\app\webroot\index.php(102): Dispatcher->dispatch(Object(CakeRequest), Object(CakeResponse))
#1 {main}
2014-08-23 19:11:02 Error: [MissingControllerException] Controller class CssController could not be found.
Exception Attributes: array (
  'class' => 'CssController',
  'plugin' => NULL,
)
Request URL: /css/boot%20strap-responsive.css
Stack Trace:
#0 E:\baidudoc\code\studyWeb\cakephp\app\webroot\index.php(102): Dispatcher->dispatch(Object(CakeRequest), Object(CakeResponse))
#1 {main}
2014-08-23 19:11:40 Error: [MissingControllerException] Controller class CssController could not be found.
Exception Attributes: array (
  'class' => 'CssController',
  'plugin' => NULL,
)
Request URL: /css/boot%20strap-responsive.css
Stack Trace:
#0 E:\baidudoc\code\studyWeb\cakephp\app\webroot\index.php(102): Dispatcher->dispatch(Object(CakeRequest), Object(CakeResponse))
#1 {main}
2014-08-23 19:11:55 Error: [MissingControllerException] Controller class CssController could not be found.
Exception Attributes: array (
  'class' => 'CssController',
  'plugin' => NULL,
)
Request URL: /css/boot%20strap-responsive.css
Stack Trace:
#0 E:\baidudoc\code\studyWeb\cakephp\app\webroot\index.php(102): Dispatcher->dispatch(Object(CakeRequest), Object(CakeResponse))
#1 {main}
2014-08-23 19:12:32 Error: [MissingControllerException] Controller class CssController could not be found.
Exception Attributes: array (
  'class' => 'CssController',
  'plugin' => NULL,
)
Request URL: /css/boot%20strap-responsive.css
Stack Trace:
#0 E:\baidudoc\code\studyWeb\cakephp\app\webroot\index.php(102): Dispatcher->dispatch(Object(CakeRequest), Object(CakeResponse))
#1 {main}
2014-08-23 19:12:47 Error: [MissingControllerException] Controller class CssController could not be found.
Exception Attributes: array (
  'class' => 'CssController',
  'plugin' => NULL,
)
Request URL: /css/boot%20strap-responsive.css
Stack Trace:
#0 E:\baidudoc\code\studyWeb\cakephp\app\webroot\index.php(102): Dispatcher->dispatch(Object(CakeRequest), Object(CakeResponse))
#1 {main}
2014-08-23 19:13:12 Error: [MissingControllerException] Controller class CssController could not be found.
Exception Attributes: array (
  'class' => 'CssController',
  'plugin' => NULL,
)
Request URL: /css/boot%20strap-responsive.css
Stack Trace:
#0 E:\baidudoc\code\studyWeb\cakephp\app\webroot\index.php(102): Dispatcher->dispatch(Object(CakeRequest), Object(CakeResponse))
#1 {main}
2014-08-23 19:13:23 Error: [MissingControllerException] Controller class CssController could not be found.
Exception Attributes: array (
  'class' => 'CssController',
  'plugin' => NULL,
)
Request URL: /css/boot%20strap-responsive.css
Stack Trace:
#0 E:\baidudoc\code\studyWeb\cakephp\app\webroot\index.php(102): Dispatcher->dispatch(Object(CakeRequest), Object(CakeResponse))
#1 {main}
2014-08-23 19:13:29 Error: [MissingControllerException] Controller class CssController could not be found.
Exception Attributes: array (
  'class' => 'CssController',
  'plugin' => NULL,
)
Request URL: /css/boot%20strap-responsive.css
Stack Trace:
#0 E:\baidudoc\code\studyWeb\cakephp\app\webroot\index.php(102): Dispatcher->dispatch(Object(CakeRequest), Object(CakeResponse))
#1 {main}
2014-08-23 19:14:23 Error: [MissingControllerException] Controller class CssController could not be found.
Exception Attributes: array (
  'class' => 'CssController',
  'plugin' => NULL,
)
Request URL: /css/boot%20strap-responsive.css
Stack Trace:
#0 E:\baidudoc\code\studyWeb\cakephp\app\webroot\index.php(102): Dispatcher->dispatch(Object(CakeRequest), Object(CakeResponse))
#1 {main}
2014-08-23 19:14:31 Error: [MissingControllerException] Controller class CssController could not be found.
Exception Attributes: array (
  'class' => 'CssController',
  'plugin' => NULL,
)
Request URL: /css/boot%20strap-responsive.css
Stack Trace:
#0 E:\baidudoc\code\studyWeb\cakephp\app\webroot\index.php(102): Dispatcher->dispatch(Object(CakeRequest), Object(CakeResponse))
#1 {main}
2014-08-23 19:15:14 Error: [MissingControllerException] Controller class CssController could not be found.
Exception Attributes: array (
  'class' => 'CssController',
  'plugin' => NULL,
)
Request URL: /css/boot%20strap-responsive.css
Stack Trace:
#0 E:\baidudoc\code\studyWeb\cakephp\app\webroot\index.php(102): Dispatcher->dispatch(Object(CakeRequest), Object(CakeResponse))
#1 {main}
2014-08-23 19:15:30 Error: [MissingControllerException] Controller class CssController could not be found.
Exception Attributes: array (
  'class' => 'CssController',
  'plugin' => NULL,
)
Request URL: /css/boot%20strap-responsive.css
Stack Trace:
#0 E:\baidudoc\code\studyWeb\cakephp\app\webroot\index.php(102): Dispatcher->dispatch(Object(CakeRequest), Object(CakeResponse))
#1 {main}
2014-08-23 19:16:03 Error: [MissingControllerException] Controller class CssController could not be found.
Exception Attributes: array (
  'class' => 'CssController',
  'plugin' => NULL,
)
Request URL: /css/boot%20strap-responsive.css
Stack Trace:
#0 E:\baidudoc\code\studyWeb\cakephp\app\webroot\index.php(102): Dispatcher->dispatch(Object(CakeRequest), Object(CakeResponse))
#1 {main}
2014-08-23 19:16:19 Error: [MissingControllerException] Controller class CssController could not be found.
Exception Attributes: array (
  'class' => 'CssController',
  'plugin' => NULL,
)
Request URL: /css/boot%20strap-responsive.css
Stack Trace:
#0 E:\baidudoc\code\studyWeb\cakephp\app\webroot\index.php(102): Dispatcher->dispatch(Object(CakeRequest), Object(CakeResponse))
#1 {main}
2014-08-23 19:16:50 Error: [MissingControllerException] Controller class CssController could not be found.
Exception Attributes: array (
  'class' => 'CssController',
  'plugin' => NULL,
)
Request URL: /css/boot%20strap-responsive.css
Stack Trace:
#0 E:\baidudoc\code\studyWeb\cakephp\app\webroot\index.php(102): Dispatcher->dispatch(Object(CakeRequest), Object(CakeResponse))
#1 {main}
